1: /************************************************************************
2:  *
3:  * Initial Creation:
4:  *    Author      LXI
5:  *    Created on  May 17, 2019
6:  *
7:  ************************************************************************/
8: package io;
9: 
10: //: io/BasicFileOutput.java
11: import java.io.*;
12: 
13: public class BasicFileOutput {
14:     static String file = "io/io/BasicFileOutput.out";
15: 
16:     public static void main(String[] args) throws IOException {
17:         BufferedReader in = new BufferedReader(new StringReader(BufferedInputFile.read("io/io/BasicFileOutput.java")));
18:         PrintWriter out = new PrintWriter(new BufferedWriter(new FileWriter(file)));
19:         int lineCount = 1;
20:         String s;
21:         while ((s = in.readLine()) != null)
22:             out.println(lineCount++ + ": " + s);
23:         out.close();
24:         //Show the stored file:
25:         System.out.println(BufferedInputFile.read(file));
26:     }
27: } /* (Execute to see output) *///:~
